<?xml version="1.0" encoding="UTF-8" ?>
<testsuite errors="0" skipped="0" tests="5" time="3.449" failures="0" name="activejdbc.PaginatorTest">
  <properties>
[...]
</properties>
  <testcase classname="activejdbc.PaginatorTest" time="0.717" name="testPageCount"/>
  <testcase classname="activejdbc.PaginatorTest" time="0.736" name="testGetPage"/>
  <testcase classname="activejdbc.PaginatorTest" time="0.816" name="testThrowExceptionIfWrongArgument"/>
  <testcase classname="activejdbc.PaginatorTest" time="0.651" name="testThatPaginatorIsSerializable"/>
  <testcase classname="activejdbc.PaginatorTest" time="0.527" name="testPreviousAndNext"/>
</testsuite>